生成启动时间为 2020/5/14 16:22:16。
     1>项目“E:\学习资源\CS平台课\系统软件开发实践\FlexBison综合实验\3-4\测试代码lxw\flex计算器.vcxproj”在节点 2 上(build 个目标)。
     1>InitializeBuildStatus:
         正在创建“Debug\flex计算器.unsuccessfulbuild”，因为已指定“AlwaysCreate”。
       ClCompile:
         所有输出均为最新。
       ManifestResourceCompile:
         所有输出均为最新。
       Link:
         D:\Program Files (x86)\Microsoft Visual Studio 10.0\VC\bin\link.exe /ERRORREPORT:PROMPT /OUT:"E:\学习资源\CS平台课\系统软件开发实践\FlexBison综合实验\3-4\测试代码lxw\Debug\flex计算器.exe" /INCREMENTAL /NOLOGO kernel32.lib user32.lib gdi32.lib winspool.lib comdlg32.lib advapi32.lib shell32.lib ole32.lib oleaut32.lib uuid.lib odbc32.lib odbccp32.lib /MANIFEST /ManifestFile:"Debug\flex计算器.exe.intermediate.manifest" /MANIFESTUAC:"level='asInvoker' uiAccess='false'" /DEBUG /PDB:"E:\学习资源\CS平台课\系统软件开发实践\FlexBison综合实验\3-4\测试代码lxw\Debug\flex计算器.pdb" /SUBSYSTEM:CONSOLE /TLBID:1 /DYNAMICBASE /NXCOMPAT /IMPLIB:"E:\学习资源\CS平台课\系统软件开发实践\FlexBison综合实验\3-4\测试代码lxw\Debug\flex计算器.lib" /MACHINE:X86 "Debug\flex计算器.exe.embed.manifest.res"
         "Debug\fb3-3funcs.obj"
         Debug\lex.yy.obj
         Debug\y.tab.obj
       Manifest:
         C:\Program Files (x86)\Microsoft SDKs\Windows\v7.0A\bin\mt.exe /nologo /verbose /out:"Debug\flex计算器.exe.embed.manifest" /manifest "Debug\flex计算器.exe.intermediate.manifest"
         所有输出均为最新。
       LinkEmbedManifest:
         所有输出均为最新。
         flex计算器.vcxproj -> E:\学习资源\CS平台课\系统软件开发实践\FlexBison综合实验\3-4\测试代码lxw\Debug\flex计算器.exe
       FinalizeBuildStatus:
         正在删除文件“Debug\flex计算器.unsuccessfulbuild”。
         正在对“Debug\flex计算器.lastbuildstate”执行 Touch 任务。
     1>已完成生成项目“E:\学习资源\CS平台课\系统软件开发实践\FlexBison综合实验\3-4\测试代码lxw\flex计算器.vcxproj”(build 个目标)的操作。

生成成功。

已用时间 00:00:00.47
